<?xml version="1.0" encoding="UTF-8"?>
<!-- Generated by org.testng.reporters.JUnitReportReporter -->
<testsuite hostname="LAPTOP-42DKSHLN" failures="0" tests="1" name="com.test.DeleteAPITest" time="0.329" errors="0" timestamp="2021-09-02T00:57:43 CEST" skipped="0">
  <testcase classname="com.test.DeleteAPITest" name="deleteAPITest" time="0.329"/>
  <system-out/>
</testsuite> <!-- com.test.DeleteAPITest -->
