<?xml version="1.0" encoding="UTF-8"?>
<!-- Generated by org.testng.reporters.JUnitReportReporter -->
<testsuite hostname="LAPTOP-42DKSHLN" failures="0" tests="1" name="com.test.getAPITest" time="0.311" errors="0" timestamp="2021-09-01T22:21:22 CEST" skipped="0">
  <testcase classname="com.test.getAPITest" name="getAPITest" time="0.311"/>
  <system-out/>
</testsuite> <!-- com.test.getAPITest -->
